<?xml version="1.0" encoding="UTF-8"?>
<testsuite xmlns:xsi="http://www.w3.org/2001/XMLSchema-instance" xsi:noNamespaceSchemaLocation="https://maven.apache.org/surefire/maven-surefire-plugin/xsd/surefire-test-report.xsd" name="io.harness.aida.AppTest" time="0.039" tests="2" errors="0" skipped="0" failures="1">
  <properties>
[...]
</properties>
  <testcase name="shouldAnswerWithTrue" classname="io.harness.aida.AppTest" time="0.007">
    <failure message="IndexOutOfBoundsException was thrown.&#10;error:&#10;&#10;Index 3 out of bounds for length 3" type="java.lang.AssertionError">java.lang.AssertionError: 
IndexOutOfBoundsException was thrown.
error:

Index 3 out of bounds for length 3
	at io.harness.aida.AppTest.shouldAnswerWithTrue(AppTest.java:35)
</failure>
    <system-out><![CDATA[Alice
Bob
Charlie
]]></system-out>
  </testcase>
  <testcase name="SQLInjectionVulnerability" classname="io.harness.aida.AppTest" time="0"/>
</testsuite>